########### array before sorts ###########
0	0.000000	0.000000	20.957741	0.000000	n
1	20.957741	0.000000	24.767741	0.002741	n
2	24.767741	0.002741	25.400000	0.000000	n
3	25.400000	0.000000	25.400000	21.590000	n
4	25.400000	21.590000	25.400200	25.399800	n
5	25.400200	25.402700	3.810000	25.400000	n
6	3.810000	25.400000	0.000159	21.590159	n
7	0.000159	21.590159	0.000000	21.590159	n
8	0.000000	21.590159	0.000000	0.000000	n
Tolerance=0.050000.
*Exact match for i=0 and j=1.
*i point 0.000000	0.000000	20.957741	0.000000	y
*Exact match for i=1 and j=2.
*i point 20.957741	0.000000	24.767741	0.002741	y
*Exact match for i=2 and j=3.
*i point 24.767741	0.002741	25.400000	0.000000	y
*Exact match for i=3 and j=4.
*i point 25.400000	0.000000	25.400000	21.590000	y
*Tolerance match for i=4 and j=5. Dist=0.002900
*i point 25.400000	21.590000	25.400200	25.399800	y
	*Before fix for tolerance 	25.400200	25.402700	3.810000	25.400000	n
	*After fix for tolerance 	25.400200	25.399800	3.810000	25.400000	n
*Exact match for i=5 and j=6.
*i point 25.400200	25.399800	3.810000	25.400000	y
*Exact match for i=6 and j=7.
*i point 3.810000	25.400000	0.000159	21.590159	y
*Exact match for i=7 and j=8.
*i point 0.000159	21.590159	0.000000	21.590159	y
########### array after sorts ###########
0	0.000000	0.000000	20.957741	0.000000	y
1	20.957741	0.000000	24.767741	0.002741	y
2	24.767741	0.002741	25.400000	0.000000	y
3	25.400000	0.000000	25.400000	21.590000	y
4	25.400000	21.590000	25.400200	25.399800	y
5	25.400200	25.399800	3.810000	25.400000	y
6	3.810000	25.400000	0.000159	21.590159	y
7	0.000159	21.590159	0.000000	21.590159	y
8	0.000000	21.590159	0.000000	0.000000	y
***************
.BOARD_OUTLINE UNOWNED
1.6
0     0.000000     0.000000     0
0     20.957741     0.000000     0
0     24.767741     0.002741     0
0     25.400000     0.000000     0
0     25.400000     21.590000     0
0     25.400200     25.399800     0
0     3.810000     25.400000     0
0     0.000159     21.590159     0
0     0.000000     21.590159     0
0     0.000000     0.000000     0
